<?xml version="1.0" encoding="UTF-8"?>
<!-- Generated by org.testng.reporters.JUnitXMLReporter -->
<testsuite ignored="0" hostname="Bharadwaj-5CG4235VLN" failures="0" tests="5" name="Default test" time="1.205" errors="0" timestamp="2024-08-22T12:57:00 IST">
  <testcase classname="com.testcases.URL_Verification" name="urlvalidaton" time="0.012"/>
  <testcase classname="com.testcases.URL_Verification" name="urlvalidaton" time="0.002"/>
  <testcase classname="com.testcases.URL_Verification" name="urlvalidaton" time="0.001"/>
  <testcase classname="com.testcases.URL_Verification" name="urlvalidaton" time="0.0"/>
  <testcase classname="com.testcases.URL_Verification" name="printResults" time="0.026"/>
</testsuite> <!-- Default test -->
